Using pre-set license

 COMMAND LINE ARGUMENTS:
/Applications/Unity/Hub/Editor/2020.3.14f1/Unity.app/Contents/MacOS/Unity
-adb2
-batchMode
-noUpm
-name
AssetImportWorker0
-projectPath
/Users/hyewon/voice
-logFile
Logs/AssetImportWorker0.log
-srvPort
49841
Successfully changed project path to: /Users/hyewon/voice
/Users/hyewon/voice
Using Asset Import Pipeline V2.
Refreshing native plugins compatible for Editor in 45.32 ms, found 5 plugins.
Preloading 0 native plugins for Editor in 0.00 ms.
Initialize engine version: 2020.3.14f1 (d0d1bb862f9d)
[Subsystems] Discovering subsystems at path /Applications/Unity/Hub/Editor/2020.3.14f1/Unity.app/Contents/Resources/UnitySubsystems
[Subsystems] Discovering subsystems at path /Users/hyewon/voice/Assets
GfxDevice: creating device client; threaded=0
2021-08-05 15:18:44.765 Unity[1973:40269] Color LCD preferred device: Intel(R) UHD Graphics 630 (low power)
2021-08-05 15:18:44.765 Unity[1973:40269] Metal devices available: 2
2021-08-05 15:18:44.765 Unity[1973:40269] 0: AMD Radeon Pro 5300M (high power)
2021-08-05 15:18:44.765 Unity[1973:40269] 1: Intel(R) UHD Graphics 630 (low power)
2021-08-05 15:18:44.765 Unity[1973:40269] Using device AMD Radeon Pro 5300M (high power)
Initializing Metal device caps: AMD Radeon Pro 5300M
Initialize mono
Mono path[0] = '/Applications/Unity/Hub/Editor/2020.3.14f1/Unity.app/Contents/Managed'
Mono path[1] = '/Applications/Unity/Hub/Editor/2020.3.14f1/Unity.app/Contents/MonoBleedingEdge/lib/mono/unityjit'
Mono config path = '/Applications/Unity/Hub/Editor/2020.3.14f1/Unity.app/Contents/MonoBleedingEdge/etc'
Using monoOptions --debugger-agent=transport=dt_socket,embedding=1,server=y,suspend=n,address=127.0.0.1:56973
Begin MonoManager ReloadAssembly
Registering precompiled unity dll's ...
Register platform support module: /Applications/Unity/Hub/Editor/2020.3.14f1/PlaybackEngines/WebGLSupport/UnityEditor.WebGL.Extensions.dll
Register platform support module: /Applications/Unity/Hub/Editor/2020.3.14f1/Unity.app/Contents/PlaybackEngines/MacStandaloneSupport/UnityEditor.OSXStandalone.Extensions.dll
Register platform support module: /Applications/Unity/Hub/Editor/2020.3.14f1/PlaybackEngines/WindowsStandaloneSupport/UnityEditor.WindowsStandalone.Extensions.dll
Registered in 0.001001 seconds.
Native extension for WindowsStandalone target not found
Native extension for OSXStandalone target not found
Native extension for WebGL target not found
Refreshing native plugins compatible for Editor in 38.13 ms, found 5 plugins.
Preloading 0 native plugins for Editor in 0.00 ms.
Mono: successfully reloaded assembly
- Completed reload, in  2.052 seconds
Domain Reload Profiling:
	ReloadAssembly (2052ms)
		BeginReloadAssembly (54ms)
			ExecutionOrderSort (0ms)
			DisableScriptedObjects (0ms)
			BackupInstance (0ms)
			ReleaseScriptingObjects (0ms)
			CreateAndSetChildDomain (1ms)
		EndReloadAssembly (521ms)
			LoadAssemblies (53ms)
			RebuildTransferFunctionScriptingTraits (0ms)
			SetupTypeCache (209ms)
			ReleaseScriptCaches (0ms)
			RebuildScriptCaches (48ms)
			SetupLoadedEditorAssemblies (203ms)
				LogAssemblyErrors (0ms)
				InitializePlatformSupportModulesInManaged (7ms)
				SetLoadedEditorAssemblies (0ms)
				RefreshPlugins (38ms)
				BeforeProcessingInitializeOnLoad (7ms)
				ProcessInitializeOnLoadAttributes (116ms)
				ProcessInitializeOnLoadMethodAttributes (35ms)
				AfterProcessingInitializeOnLoad (0ms)
				EditorAssembliesLoaded (0ms)
			ExecutionOrderSort2 (0ms)
			AwakeInstancesAfterBackupRestoration (0ms)
Platform modules already initialized, skipping
Registering precompiled user dll's ...
Registered in 0.003144 seconds.
Begin MonoManager ReloadAssembly
Native extension for WindowsStandalone target not found
Native extension for OSXStandalone target not found
Native extension for WebGL target not found
Refreshing native plugins compatible for Editor in 0.57 ms, found 5 plugins.
Preloading 0 native plugins for Editor in 0.00 ms.
Mono: successfully reloaded assembly
- Completed reload, in  1.200 seconds
Domain Reload Profiling:
	ReloadAssembly (1201ms)
		BeginReloadAssembly (177ms)
			ExecutionOrderSort (0ms)
			DisableScriptedObjects (5ms)
			BackupInstance (0ms)
			ReleaseScriptingObjects (0ms)
			CreateAndSetChildDomain (35ms)
		EndReloadAssembly (955ms)
			LoadAssemblies (87ms)
			RebuildTransferFunctionScriptingTraits (0ms)
			SetupTypeCache (372ms)
			ReleaseScriptCaches (0ms)
			RebuildScriptCaches (72ms)
			SetupLoadedEditorAssemblies (307ms)
				LogAssemblyErrors (0ms)
				InitializePlatformSupportModulesInManaged (7ms)
				SetLoadedEditorAssemblies (1ms)
				RefreshPlugins (1ms)
				BeforeProcessingInitializeOnLoad (51ms)
				ProcessInitializeOnLoadAttributes (240ms)
				ProcessInitializeOnLoadMethodAttributes (7ms)
				AfterProcessingInitializeOnLoad (2ms)
				EditorAssembliesLoaded (0ms)
			ExecutionOrderSort2 (0ms)
			AwakeInstancesAfterBackupRestoration (8ms)
Platform modules already initialized, skipping
========================================================================
Worker process is ready to serve import requests
Launching external process: /Applications/Unity/Hub/Editor/2020.3.14f1/Unity.app/Contents/Tools/UnityShaderCompiler
Launched and connected shader compiler UnityShaderCompiler after 0.01 seconds
Refreshing native plugins compatible for Editor in 0.60 ms, found 5 plugins.
Preloading 0 native plugins for Editor in 0.00 ms.
Unloading 1782 Unused Serialized files (Serialized files now loaded: 0)
System memory in use before: 153.2 MB.
System memory in use after: 153.3 MB.

Unloading 60 unused Assets to reduce memory usage. Loaded Objects now: 2175.
Total: 1.789145 ms (FindLiveObjects: 0.151379 ms CreateObjectMapping: 0.058879 ms MarkObjects: 1.501714 ms  DeleteObjects: 0.076518 ms)

AssetImportParameters requested are different than current active one (requested -> active):
  custom:video-decoder-ogg-theora: a1e56fd34408186e4bbccfd4996cb3dc -> 
  custom:container-muxer-webm: aa71ff27fc2769a1b78a27578f13a17b -> 
  custom:container-demuxer-webm: 4f35f7cbe854078d1ac9338744f61a02 -> 
  custom:container-demuxer-ogg: 62fdf1f143b41e24485cea50d1cbac27 -> 
  custom:video-encoder-webm-vp8: eb34c28f22e8b96e1ab97ce403110664 -> 
  custom:framework-osx-AVFoundation: e770b220cccbd017edd2c1fefb359320 -> 
  custom:video-decoder-webm-vp8: 9c59270c3fd7afecdb556c50c9e8de78 -> 
  custom:audio-decoder-ogg-vorbis: bf7c407c2cedff20999df2af8eb42d56 -> 
  custom:audio-encoder-webm-vorbis: bf7c407c2cedff20999df2af8eb42d56 -> 
========================================================================
Received Import Request.
  path: Assets/Photon/PhotonUnityNetworking/Resources/PhotonServerSettings.asset
  artifactKey: Guid(690d2f29c91644dc4b32765e3f28aa03) Importer(815301076,1909f56bfc062723c751e8b465ee728b)
Start importing Assets/Photon/PhotonUnityNetworking/Resources/PhotonServerSettings.asset using Guid(690d2f29c91644dc4b32765e3f28aa03) Importer(815301076,1909f56bfc062723c751e8b465ee728b)  -> (artifact id: '5762a7461d8b9d1ce80e1b8eb0841054') in 0.817834 seconds 
  Import took 0.820459 seconds .

========================================================================
Received Import Request.
  Time since last request: 710.443468 seconds.
  path: Assets/Photon/PhotonVoice/Demos/DemoVoiceMinimal
  artifactKey: Guid(e10e9b656665a45d0a51acc8c8633c7b) Importer(815301076,1909f56bfc062723c751e8b465ee728b)
Start importing Assets/Photon/PhotonVoice/Demos/DemoVoiceMinimal using Guid(e10e9b656665a45d0a51acc8c8633c7b) Importer(815301076,1909f56bfc062723c751e8b465ee728b)  -> (artifact id: '124864f35c94e0362aac43816fcfaf0f') in 0.000962 seconds 
  Import took 0.003832 seconds .

========================================================================
Received Import Request.
  Time since last request: 0.951034 seconds.
  path: Assets/Photon/PhotonVoice/Demos/DemoVoiceMinimal/DemoVoiceMinimal-Scene.unity
  artifactKey: Guid(2da9606550d4940d6b7d040e3913bdd8) Importer(815301076,1909f56bfc062723c751e8b465ee728b)
Start importing Assets/Photon/PhotonVoice/Demos/DemoVoiceMinimal/DemoVoiceMinimal-Scene.unity using Guid(2da9606550d4940d6b7d040e3913bdd8) Importer(815301076,1909f56bfc062723c751e8b465ee728b)  -> (artifact id: '372ffd537faa8ddade906fc1e2bd074d') in 0.001346 seconds 
  Import took 0.004286 seconds .

========================================================================
Received Import Request.
  Time since last request: 4.037367 seconds.
  path: Assets/Photon/PhotonVoice/Demos/DemoVoicePun/DemoVoicePun-Scene.unity
  artifactKey: Guid(a3f3c3b3816924199acba595045624d2) Importer(815301076,1909f56bfc062723c751e8b465ee728b)
Start importing Assets/Photon/PhotonVoice/Demos/DemoVoicePun/DemoVoicePun-Scene.unity using Guid(a3f3c3b3816924199acba595045624d2) Importer(815301076,1909f56bfc062723c751e8b465ee728b)  -> (artifact id: '2054ae70bc73b60eee27d5981ad7ddb2') in 0.001355 seconds 
  Import took 0.004079 seconds .

========================================================================
Received Prepare
Registering precompiled user dll's ...
Registered in 0.006135 seconds.
Begin MonoManager ReloadAssembly
Native extension for WindowsStandalone target not found
Native extension for OSXStandalone target not found
Native extension for WebGL target not found
Refreshing native plugins compatible for Editor in 0.69 ms, found 5 plugins.
Preloading 0 native plugins for Editor in 0.00 ms.
Mono: successfully reloaded assembly
- Completed reload, in  1.422 seconds
Domain Reload Profiling:
	ReloadAssembly (1423ms)
		BeginReloadAssembly (168ms)
			ExecutionOrderSort (0ms)
			DisableScriptedObjects (7ms)
			BackupInstance (0ms)
			ReleaseScriptingObjects (0ms)
			CreateAndSetChildDomain (77ms)
		EndReloadAssembly (1170ms)
			LoadAssemblies (111ms)
			RebuildTransferFunctionScriptingTraits (0ms)
			SetupTypeCache (472ms)
			ReleaseScriptCaches (1ms)
			RebuildScriptCaches (70ms)
			SetupLoadedEditorAssemblies (360ms)
				LogAssemblyErrors (0ms)
				InitializePlatformSupportModulesInManaged (8ms)
				SetLoadedEditorAssemblies (1ms)
				RefreshPlugins (1ms)
				BeforeProcessingInitializeOnLoad (64ms)
				ProcessInitializeOnLoadAttributes (277ms)
				ProcessInitializeOnLoadMethodAttributes (7ms)
				AfterProcessingInitializeOnLoad (2ms)
				EditorAssembliesLoaded (0ms)
			ExecutionOrderSort2 (0ms)
			AwakeInstancesAfterBackupRestoration (11ms)
Platform modules already initialized, skipping
Refreshing native plugins compatible for Editor in 1.01 ms, found 5 plugins.
Preloading 0 native plugins for Editor in 0.00 ms.
Unloading 1776 Unused Serialized files (Serialized files now loaded: 0)
System memory in use before: 157.4 MB.
System memory in use after: 157.5 MB.

Unloading 54 unused Assets to reduce memory usage. Loaded Objects now: 2179.
Total: 3.693790 ms (FindLiveObjects: 0.625970 ms CreateObjectMapping: 0.151630 ms MarkObjects: 2.704253 ms  DeleteObjects: 0.208836 ms)

AssetImportParameters requested are different than current active one (requested -> active):
  custom:video-decoder-ogg-theora: a1e56fd34408186e4bbccfd4996cb3dc -> 
  custom:container-muxer-webm: aa71ff27fc2769a1b78a27578f13a17b -> 
  custom:container-demuxer-webm: 4f35f7cbe854078d1ac9338744f61a02 -> 
  custom:container-demuxer-ogg: 62fdf1f143b41e24485cea50d1cbac27 -> 
  custom:video-encoder-webm-vp8: eb34c28f22e8b96e1ab97ce403110664 -> 
  custom:framework-osx-AVFoundation: e770b220cccbd017edd2c1fefb359320 -> 
  custom:video-decoder-webm-vp8: 9c59270c3fd7afecdb556c50c9e8de78 -> 
  custom:audio-decoder-ogg-vorbis: bf7c407c2cedff20999df2af8eb42d56 -> 
  custom:audio-encoder-webm-vorbis: bf7c407c2cedff20999df2af8eb42d56 -> 
========================================================================
Received Prepare
Registering precompiled user dll's ...
Registered in 0.003456 seconds.
Begin MonoManager ReloadAssembly
Native extension for WindowsStandalone target not found
Native extension for OSXStandalone target not found
Native extension for WebGL target not found
Refreshing native plugins compatible for Editor in 0.67 ms, found 5 plugins.
Preloading 0 native plugins for Editor in 0.00 ms.
Mono: successfully reloaded assembly
- Completed reload, in  1.235 seconds
Domain Reload Profiling:
	ReloadAssembly (1236ms)
		BeginReloadAssembly (145ms)
			ExecutionOrderSort (0ms)
			DisableScriptedObjects (5ms)
			BackupInstance (0ms)
			ReleaseScriptingObjects (0ms)
			CreateAndSetChildDomain (70ms)
		EndReloadAssembly (1011ms)
			LoadAssemblies (94ms)
			RebuildTransferFunctionScriptingTraits (0ms)
			SetupTypeCache (405ms)
			ReleaseScriptCaches (1ms)
			RebuildScriptCaches (63ms)
			SetupLoadedEditorAssemblies (319ms)
				LogAssemblyErrors (0ms)
				InitializePlatformSupportModulesInManaged (8ms)
				SetLoadedEditorAssemblies (1ms)
				RefreshPlugins (1ms)
				BeforeProcessingInitializeOnLoad (51ms)
				ProcessInitializeOnLoadAttributes (252ms)
				ProcessInitializeOnLoadMethodAttributes (6ms)
				AfterProcessingInitializeOnLoad (1ms)
				EditorAssembliesLoaded (0ms)
			ExecutionOrderSort2 (0ms)
			AwakeInstancesAfterBackupRestoration (10ms)
Platform modules already initialized, skipping
Refreshing native plugins compatible for Editor in 0.83 ms, found 5 plugins.
Preloading 0 native plugins for Editor in 0.00 ms.
Unloading 1776 Unused Serialized files (Serialized files now loaded: 0)
System memory in use before: 157.6 MB.
System memory in use after: 157.7 MB.

Unloading 54 unused Assets to reduce memory usage. Loaded Objects now: 2183.
Total: 1.899411 ms (FindLiveObjects: 0.167457 ms CreateObjectMapping: 0.059096 ms MarkObjects: 1.613499 ms  DeleteObjects: 0.058588 ms)

AssetImportParameters requested are different than current active one (requested -> active):
  custom:video-decoder-ogg-theora: a1e56fd34408186e4bbccfd4996cb3dc -> 
  custom:container-muxer-webm: aa71ff27fc2769a1b78a27578f13a17b -> 
  custom:container-demuxer-webm: 4f35f7cbe854078d1ac9338744f61a02 -> 
  custom:container-demuxer-ogg: 62fdf1f143b41e24485cea50d1cbac27 -> 
  custom:video-encoder-webm-vp8: eb34c28f22e8b96e1ab97ce403110664 -> 
  custom:framework-osx-AVFoundation: e770b220cccbd017edd2c1fefb359320 -> 
  custom:video-decoder-webm-vp8: 9c59270c3fd7afecdb556c50c9e8de78 -> 
  custom:audio-decoder-ogg-vorbis: bf7c407c2cedff20999df2af8eb42d56 -> 
  custom:audio-encoder-webm-vorbis: bf7c407c2cedff20999df2af8eb42d56 -> 
========================================================================
Received Import Request.
  Time since last request: 515.614942 seconds.
  path: Assets/Photon/PhotonVoice/Demos/DemoVoicePun/Models
  artifactKey: Guid(cbdd4f009a7cfa74b8e7c66b2d913fb6) Importer(815301076,1909f56bfc062723c751e8b465ee728b)
Start importing Assets/Photon/PhotonVoice/Demos/DemoVoicePun/Models using Guid(cbdd4f009a7cfa74b8e7c66b2d913fb6) Importer(815301076,1909f56bfc062723c751e8b465ee728b)  -> (artifact id: 'acc72a05cca915904bfce405e0f96063') in 0.003981 seconds 
  Import took 0.007107 seconds .

========================================================================
Received Import Request.
  Time since last request: 4.921062 seconds.
  path: Assets/Photon/PhotonVoice/Demos/DemoVoicePun/Models/Characters/Hellephant.fbx
  artifactKey: Guid(b77f122f451a2394898a24191c26107c) Importer(815301076,1909f56bfc062723c751e8b465ee728b)
Start importing Assets/Photon/PhotonVoice/Demos/DemoVoicePun/Models/Characters/Hellephant.fbx using Guid(b77f122f451a2394898a24191c26107c) Importer(815301076,1909f56bfc062723c751e8b465ee728b)  -> (artifact id: '4058189b3cf0d535b1ca84661c9ee1c2') in 1.563295 seconds 
  Import took 1.566846 seconds .

========================================================================
Received Import Request.
  Time since last request: 0.000228 seconds.
  path: Assets/Photon/PhotonVoice/Demos/DemoVoicePun/Models/Characters/ZomBear.fbx
  artifactKey: Guid(c236aa7ad6dcabe47abc7d2cf903ae71) Importer(815301076,1909f56bfc062723c751e8b465ee728b)
Start importing Assets/Photon/PhotonVoice/Demos/DemoVoicePun/Models/Characters/ZomBear.fbx using Guid(c236aa7ad6dcabe47abc7d2cf903ae71) Importer(815301076,1909f56bfc062723c751e8b465ee728b)  -> (artifact id: '44b66515044950c5668776e271315f75') in 0.028730 seconds 
  Import took 0.031607 seconds .

========================================================================
Received Import Request.
  Time since last request: 0.000196 seconds.
  path: Assets/Photon/PhotonVoice/Demos/DemoVoicePun/Models/Characters/Player.fbx
  artifactKey: Guid(f1d84cc28597f5641a3d9cbc4df7e306) Importer(815301076,1909f56bfc062723c751e8b465ee728b)
Start importing Assets/Photon/PhotonVoice/Demos/DemoVoicePun/Models/Characters/Player.fbx using Guid(f1d84cc28597f5641a3d9cbc4df7e306) Importer(815301076,1909f56bfc062723c751e8b465ee728b)  -> (artifact id: 'd2332145c5a172077e49fcdf221b380a') in 0.070175 seconds 
  Import took 0.073115 seconds .

========================================================================
Received Import Request.
  Time since last request: 0.000193 seconds.
  path: Assets/Photon/PhotonVoice/Demos/DemoVoicePun/Models/Characters/Hellephant.fbx
  artifactKey: Guid(b77f122f451a2394898a24191c26107c) Importer(815301076,1909f56bfc062723c751e8b465ee728b)
Start importing Assets/Photon/PhotonVoice/Demos/DemoVoicePun/Models/Characters/Hellephant.fbx using Guid(b77f122f451a2394898a24191c26107c) Importer(815301076,1909f56bfc062723c751e8b465ee728b)  -> (artifact id: '4058189b3cf0d535b1ca84661c9ee1c2') in 0.029612 seconds 
  Import took 0.032206 seconds .

========================================================================
Received Import Request.
  Time since last request: 0.000181 seconds.
  path: Assets/Photon/PhotonVoice/Demos/DemoVoicePun/Models/Characters/Zombunny.fbx
  artifactKey: Guid(be66986effd141b4992d2d78be127139) Importer(815301076,1909f56bfc062723c751e8b465ee728b)
Start importing Assets/Photon/PhotonVoice/Demos/DemoVoicePun/Models/Characters/Zombunny.fbx using Guid(be66986effd141b4992d2d78be127139) Importer(815301076,1909f56bfc062723c751e8b465ee728b)  -> (artifact id: '566578b8903abdcce18bd16d84e3b062') in 0.028385 seconds 
  Import took 0.031016 seconds .

========================================================================
Received Import Request.
  Time since last request: 9.019139 seconds.
  path: Assets/Photon/PhotonVoice/Demos/DemoVoicePun/Prefabs/PushToTalkPrivateButton.prefab
  artifactKey: Guid(bdf4cfe4036413d498cde5db91d3340e) Importer(815301076,1909f56bfc062723c751e8b465ee728b)
Start importing Assets/Photon/PhotonVoice/Demos/DemoVoicePun/Prefabs/PushToTalkPrivateButton.prefab using Guid(bdf4cfe4036413d498cde5db91d3340e) Importer(815301076,1909f56bfc062723c751e8b465ee728b)  -> (artifact id: 'f9368652c5645d57d664e863e163faa4') in 0.189522 seconds 
  Import took 0.192802 seconds .

========================================================================
Received Import Request.
  Time since last request: 7.019312 seconds.
  path: Assets/Photon/PhotonVoice/Demos/DemoVoicePun/Resources/Boy-Local.prefab
  artifactKey: Guid(918176382df6c6644be68959372cc869) Importer(815301076,1909f56bfc062723c751e8b465ee728b)
Start importing Assets/Photon/PhotonVoice/Demos/DemoVoicePun/Resources/Boy-Local.prefab using Guid(918176382df6c6644be68959372cc869) Importer(815301076,1909f56bfc062723c751e8b465ee728b)  -> (artifact id: '56ff7a908dc423e144b7b593bb8adce0') in 0.038020 seconds 
  Import took 0.041667 seconds .

========================================================================
Received Import Request.
  Time since last request: 0.000244 seconds.
  path: Assets/Photon/PhotonVoice/Demos/DemoVoicePun/Resources/Hellephant.prefab
  artifactKey: Guid(548c56f4bcf4db24b8aa057e9846a005) Importer(815301076,1909f56bfc062723c751e8b465ee728b)
Start importing Assets/Photon/PhotonVoice/Demos/DemoVoicePun/Resources/Hellephant.prefab using Guid(548c56f4bcf4db24b8aa057e9846a005) Importer(815301076,1909f56bfc062723c751e8b465ee728b)  -> (artifact id: 'e33eb1a8dd3ac068462086c366ab4b4e') in 0.026756 seconds 
  Import took 0.031527 seconds .

========================================================================
Received Import Request.
  Time since last request: 0.000202 seconds.
  path: Assets/Photon/PhotonVoice/Demos/DemoVoicePun/Resources/ZomBear-Local.prefab
  artifactKey: Guid(2126f6a7336d8a4409cf8a7e94649979) Importer(815301076,1909f56bfc062723c751e8b465ee728b)
Start importing Assets/Photon/PhotonVoice/Demos/DemoVoicePun/Resources/ZomBear-Local.prefab using Guid(2126f6a7336d8a4409cf8a7e94649979) Importer(815301076,1909f56bfc062723c751e8b465ee728b)  -> (artifact id: '4c382fc42a74375cf5280d71eeefd64e') in 0.028190 seconds 
  Import took 0.032196 seconds .

========================================================================
Received Import Request.
  Time since last request: 0.000271 seconds.
  path: Assets/Photon/PhotonVoice/Demos/DemoVoicePun/Resources/Hellephant-Local.prefab
  artifactKey: Guid(ee7e51a42c13bcb428e1b8728ece9394) Importer(815301076,1909f56bfc062723c751e8b465ee728b)
Start importing Assets/Photon/PhotonVoice/Demos/DemoVoicePun/Resources/Hellephant-Local.prefab using Guid(ee7e51a42c13bcb428e1b8728ece9394) Importer(815301076,1909f56bfc062723c751e8b465ee728b)  -> (artifact id: 'f8be8bd89c19352bbffd296f354fa87a') in 0.026668 seconds 
  Import took 0.032088 seconds .

========================================================================
Received Import Request.
  Time since last request: 0.000198 seconds.
  path: Assets/Photon/PhotonVoice/Demos/DemoVoicePun/Resources/ZomBear-Remote.prefab
  artifactKey: Guid(c837b50fc5b9d4e45931d6380ecb1086) Importer(815301076,1909f56bfc062723c751e8b465ee728b)
Start importing Assets/Photon/PhotonVoice/Demos/DemoVoicePun/Resources/ZomBear-Remote.prefab using Guid(c837b50fc5b9d4e45931d6380ecb1086) Importer(815301076,1909f56bfc062723c751e8b465ee728b)  -> (artifact id: '753f8ddd73133125a7e875bc463c6f4f') in 0.027747 seconds 
  Import took 0.031542 seconds .

========================================================================
Received Import Request.
  Time since last request: 0.000223 seconds.
  path: Assets/Photon/PhotonVoice/Demos/DemoVoicePun/Resources/Boy.prefab
  artifactKey: Guid(4e5a0d387dc27394b81600988ad0216f) Importer(815301076,1909f56bfc062723c751e8b465ee728b)
Start importing Assets/Photon/PhotonVoice/Demos/DemoVoicePun/Resources/Boy.prefab using Guid(4e5a0d387dc27394b81600988ad0216f) Importer(815301076,1909f56bfc062723c751e8b465ee728b)  -> (artifact id: 'd509ea7312f786a7038f9310fd8fba9e') in 0.025169 seconds 
  Import took 0.029063 seconds .

========================================================================
Received Import Request.
  Time since last request: 0.000222 seconds.
  path: Assets/Photon/PhotonVoice/Demos/DemoVoicePun/Resources/ZomBear.prefab
  artifactKey: Guid(ea3c2728ef33e3a4d99527a86cda6465) Importer(815301076,1909f56bfc062723c751e8b465ee728b)
Start importing Assets/Photon/PhotonVoice/Demos/DemoVoicePun/Resources/ZomBear.prefab using Guid(ea3c2728ef33e3a4d99527a86cda6465) Importer(815301076,1909f56bfc062723c751e8b465ee728b)  -> (artifact id: 'c794be7c03bf920e387b7da6f4b5edb7') in 0.029579 seconds 
  Import took 0.033025 seconds .

========================================================================
Received Import Request.
  Time since last request: 0.000218 seconds.
  path: Assets/Photon/PhotonVoice/Demos/DemoVoicePun/Resources/Boy-Remote.prefab
  artifactKey: Guid(d62ea5ac8adc4824d87ab6b7a37eda44) Importer(815301076,1909f56bfc062723c751e8b465ee728b)
Start importing Assets/Photon/PhotonVoice/Demos/DemoVoicePun/Resources/Boy-Remote.prefab using Guid(d62ea5ac8adc4824d87ab6b7a37eda44) Importer(815301076,1909f56bfc062723c751e8b465ee728b)  -> (artifact id: 'a3645d18d7abc13eddfa9c7aa40a0c92') in 0.022726 seconds 
  Import took 0.027338 seconds .

========================================================================
Received Import Request.
  Time since last request: 0.000226 seconds.
  path: Assets/Photon/PhotonVoice/Demos/DemoVoicePun/Resources/ZomBunny-Remote.prefab
  artifactKey: Guid(aadccf00e42c1bb4584dda76b9032d2b) Importer(815301076,1909f56bfc062723c751e8b465ee728b)
Start importing Assets/Photon/PhotonVoice/Demos/DemoVoicePun/Resources/ZomBunny-Remote.prefab using Guid(aadccf00e42c1bb4584dda76b9032d2b) Importer(815301076,1909f56bfc062723c751e8b465ee728b)  -> (artifact id: 'bae95a6ec1c5ede510ddcdea24a7fd5c') in 0.028711 seconds 
  Import took 0.033231 seconds .

========================================================================
Received Import Request.
  Time since last request: 0.000206 seconds.
  path: Assets/Photon/PhotonVoice/Demos/DemoVoicePun/Resources/Hellephant-Remote.prefab
  artifactKey: Guid(912c2829d51be264d909b2ec61a5c020) Importer(815301076,1909f56bfc062723c751e8b465ee728b)
Start importing Assets/Photon/PhotonVoice/Demos/DemoVoicePun/Resources/Hellephant-Remote.prefab using Guid(912c2829d51be264d909b2ec61a5c020) Importer(815301076,1909f56bfc062723c751e8b465ee728b)  -> (artifact id: 'c02123e2a048a5a2f1e07e56c80ff77d') in 0.029021 seconds 
  Import took 0.032979 seconds .

========================================================================
Received Import Request.
  Time since last request: 0.000190 seconds.
  path: Assets/Photon/PhotonVoice/Demos/DemoVoicePun/Resources/ZomBunny-Local.prefab
  artifactKey: Guid(4233d53159a29e241aaa0aecfbd62c78) Importer(815301076,1909f56bfc062723c751e8b465ee728b)
Start importing Assets/Photon/PhotonVoice/Demos/DemoVoicePun/Resources/ZomBunny-Local.prefab using Guid(4233d53159a29e241aaa0aecfbd62c78) Importer(815301076,1909f56bfc062723c751e8b465ee728b)  -> (artifact id: '21d5c840f0b9dc9a2d78db3782d53cc7') in 0.025594 seconds 
  Import took 0.028855 seconds .

========================================================================
Received Import Request.
  Time since last request: 5.667106 seconds.
  path: Assets/Photon/PhotonVoice/Demos/DemoVoicePun/Scripts/BetterToggle.cs
  artifactKey: Guid(02aa66d915b164c41880df3b7ced396a) Importer(815301076,1909f56bfc062723c751e8b465ee728b)
Start importing Assets/Photon/PhotonVoice/Demos/DemoVoicePun/Scripts/BetterToggle.cs using Guid(02aa66d915b164c41880df3b7ced396a) Importer(815301076,1909f56bfc062723c751e8b465ee728b)  -> (artifact id: 'deb10c1706ec4e711064239e7e590fe9') in 0.360443 seconds 
  Import took 0.363443 seconds .

========================================================================
Received Import Request.
  Time since last request: 2.141098 seconds.
  path: Assets/Photon/PhotonVoice/Demos/DemoVoicePun/Scripts/ChangePOV.cs
  artifactKey: Guid(4dd7c72bb79ad6544aae08d975251222) Importer(815301076,1909f56bfc062723c751e8b465ee728b)
Start importing Assets/Photon/PhotonVoice/Demos/DemoVoicePun/Scripts/ChangePOV.cs using Guid(4dd7c72bb79ad6544aae08d975251222) Importer(815301076,1909f56bfc062723c751e8b465ee728b)  -> (artifact id: '85fb24a74ddc8a360bf7ca665b0e0c9a') in 0.002217 seconds 
  Import took 0.005460 seconds .

========================================================================
Received Import Request.
  Time since last request: 0.004201 seconds.
  path: Assets/Photon/PhotonVoice/Demos/DemoVoicePun/Scripts/ChangePOV.cs
  artifactKey: Guid(4dd7c72bb79ad6544aae08d975251222) Importer(815301076,1909f56bfc062723c751e8b465ee728b)
Start importing Assets/Photon/PhotonVoice/Demos/DemoVoicePun/Scripts/ChangePOV.cs using Guid(4dd7c72bb79ad6544aae08d975251222) Importer(815301076,1909f56bfc062723c751e8b465ee728b)  -> (artifact id: '85fb24a74ddc8a360bf7ca665b0e0c9a') in 0.002080 seconds 
  Import took 0.005850 seconds .

========================================================================
Received Import Request.
  Time since last request: 0.815768 seconds.
  path: Assets/Photon/PhotonVoice/Demos/DemoVoicePun/Scripts/BaseController.cs
  artifactKey: Guid(d6fd61529d855944dbaf37c1058b8d3b) Importer(815301076,1909f56bfc062723c751e8b465ee728b)
Start importing Assets/Photon/PhotonVoice/Demos/DemoVoicePun/Scripts/BaseController.cs using Guid(d6fd61529d855944dbaf37c1058b8d3b) Importer(815301076,1909f56bfc062723c751e8b465ee728b)  -> (artifact id: 'c6a7536965c26a5a0abe24105b93c017') in 0.002599 seconds 
  Import took 0.006173 seconds .

========================================================================
Received Import Request.
  Time since last request: 9.700777 seconds.
  path: Assets/Photon/PhotonVoice/Demos/DemoVoiceUI/DemoVoice.unity
  artifactKey: Guid(0ab5c0cab248b1c449cb35dd2672ffdb) Importer(815301076,1909f56bfc062723c751e8b465ee728b)
Start importing Assets/Photon/PhotonVoice/Demos/DemoVoiceUI/DemoVoice.unity using Guid(0ab5c0cab248b1c449cb35dd2672ffdb) Importer(815301076,1909f56bfc062723c751e8b465ee728b)  -> (artifact id: '8d2d5e56d7386fe4f362b4902ca3c168') in 0.001966 seconds 
  Import took 0.005288 seconds .

========================================================================
Received Prepare
Registering precompiled user dll's ...
Registered in 0.003743 seconds.
Begin MonoManager ReloadAssembly
Native extension for WindowsStandalone target not found
Native extension for OSXStandalone target not found
Native extension for WebGL target not found
Refreshing native plugins compatible for Editor in 0.63 ms, found 5 plugins.
Preloading 0 native plugins for Editor in 0.00 ms.
Mono: successfully reloaded assembly
- Completed reload, in  1.535 seconds
Domain Reload Profiling:
	ReloadAssembly (1535ms)
		BeginReloadAssembly (180ms)
			ExecutionOrderSort (0ms)
			DisableScriptedObjects (9ms)
			BackupInstance (0ms)
			ReleaseScriptingObjects (0ms)
			CreateAndSetChildDomain (87ms)
		EndReloadAssembly (1266ms)
			LoadAssemblies (126ms)
			RebuildTransferFunctionScriptingTraits (0ms)
			SetupTypeCache (537ms)
			ReleaseScriptCaches (2ms)
			RebuildScriptCaches (78ms)
			SetupLoadedEditorAssemblies (359ms)
				LogAssemblyErrors (0ms)
				InitializePlatformSupportModulesInManaged (7ms)
				SetLoadedEditorAssemblies (1ms)
				RefreshPlugins (1ms)
				BeforeProcessingInitializeOnLoad (64ms)
				ProcessInitializeOnLoadAttributes (276ms)
				ProcessInitializeOnLoadMethodAttributes (9ms)
				AfterProcessingInitializeOnLoad (2ms)
				EditorAssembliesLoaded (0ms)
			ExecutionOrderSort2 (0ms)
			AwakeInstancesAfterBackupRestoration (10ms)
Platform modules already initialized, skipping
Refreshing native plugins compatible for Editor in 1.15 ms, found 5 plugins.
Preloading 0 native plugins for Editor in 0.00 ms.
Unloading 1776 Unused Serialized files (Serialized files now loaded: 0)
System memory in use before: 189.4 MB.
System memory in use after: 189.5 MB.

Unloading 55 unused Assets to reduce memory usage. Loaded Objects now: 2201.
Total: 2.944088 ms (FindLiveObjects: 0.220790 ms CreateObjectMapping: 0.121528 ms MarkObjects: 2.509532 ms  DeleteObjects: 0.091233 ms)

AssetImportParameters requested are different than current active one (requested -> active):
  custom:video-decoder-ogg-theora: a1e56fd34408186e4bbccfd4996cb3dc -> 
  custom:container-muxer-webm: aa71ff27fc2769a1b78a27578f13a17b -> 
  custom:container-demuxer-webm: 4f35f7cbe854078d1ac9338744f61a02 -> 
  custom:container-demuxer-ogg: 62fdf1f143b41e24485cea50d1cbac27 -> 
  custom:video-encoder-webm-vp8: eb34c28f22e8b96e1ab97ce403110664 -> 
  custom:framework-osx-AVFoundation: e770b220cccbd017edd2c1fefb359320 -> 
  custom:video-decoder-webm-vp8: 9c59270c3fd7afecdb556c50c9e8de78 -> 
  custom:audio-decoder-ogg-vorbis: bf7c407c2cedff20999df2af8eb42d56 -> 
  custom:audio-encoder-webm-vorbis: bf7c407c2cedff20999df2af8eb42d56 -> 
========================================================================
Received Prepare
Registering precompiled user dll's ...
Registered in 0.003679 seconds.
Begin MonoManager ReloadAssembly
Native extension for WindowsStandalone target not found
Native extension for OSXStandalone target not found
Native extension for WebGL target not found
Refreshing native plugins compatible for Editor in 0.67 ms, found 5 plugins.
Preloading 0 native plugins for Editor in 0.00 ms.
Mono: successfully reloaded assembly
- Completed reload, in  1.411 seconds
Domain Reload Profiling:
	ReloadAssembly (1412ms)
		BeginReloadAssembly (160ms)
			ExecutionOrderSort (0ms)
			DisableScriptedObjects (7ms)
			BackupInstance (0ms)
			ReleaseScriptingObjects (0ms)
			CreateAndSetChildDomain (74ms)
		EndReloadAssembly (1170ms)
			LoadAssemblies (121ms)
			RebuildTransferFunctionScriptingTraits (0ms)
			SetupTypeCache (438ms)
			ReleaseScriptCaches (1ms)
			RebuildScriptCaches (74ms)
			SetupLoadedEditorAssemblies (384ms)
				LogAssemblyErrors (0ms)
				InitializePlatformSupportModulesInManaged (8ms)
				SetLoadedEditorAssemblies (1ms)
				RefreshPlugins (1ms)
				BeforeProcessingInitializeOnLoad (50ms)
				ProcessInitializeOnLoadAttributes (313ms)
				ProcessInitializeOnLoadMethodAttributes (10ms)
				AfterProcessingInitializeOnLoad (2ms)
				EditorAssembliesLoaded (0ms)
			ExecutionOrderSort2 (0ms)
			AwakeInstancesAfterBackupRestoration (15ms)
Platform modules already initialized, skipping
Refreshing native plugins compatible for Editor in 0.87 ms, found 5 plugins.
Preloading 0 native plugins for Editor in 0.00 ms.
Unloading 1776 Unused Serialized files (Serialized files now loaded: 0)
System memory in use before: 189.6 MB.
System memory in use after: 189.7 MB.

Unloading 54 unused Assets to reduce memory usage. Loaded Objects now: 2205.
Total: 2.777082 ms (FindLiveObjects: 0.360562 ms CreateObjectMapping: 0.117491 ms MarkObjects: 2.215663 ms  DeleteObjects: 0.081976 ms)

AssetImportParameters requested are different than current active one (requested -> active):
  custom:video-decoder-ogg-theora: a1e56fd34408186e4bbccfd4996cb3dc -> 
  custom:container-muxer-webm: aa71ff27fc2769a1b78a27578f13a17b -> 
  custom:container-demuxer-webm: 4f35f7cbe854078d1ac9338744f61a02 -> 
  custom:container-demuxer-ogg: 62fdf1f143b41e24485cea50d1cbac27 -> 
  custom:video-encoder-webm-vp8: eb34c28f22e8b96e1ab97ce403110664 -> 
  custom:framework-osx-AVFoundation: e770b220cccbd017edd2c1fefb359320 -> 
  custom:video-decoder-webm-vp8: 9c59270c3fd7afecdb556c50c9e8de78 -> 
  custom:audio-decoder-ogg-vorbis: bf7c407c2cedff20999df2af8eb42d56 -> 
  custom:audio-encoder-webm-vorbis: bf7c407c2cedff20999df2af8eb42d56 -> 
========================================================================
Received Prepare
Registering precompiled user dll's ...
Registered in 0.003174 seconds.
Begin MonoManager ReloadAssembly
Native extension for WindowsStandalone target not found
Native extension for OSXStandalone target not found
Native extension for WebGL target not found
Refreshing native plugins compatible for Editor in 0.62 ms, found 5 plugins.
Preloading 0 native plugins for Editor in 0.00 ms.
Mono: successfully reloaded assembly
- Completed reload, in  1.103 seconds
Domain Reload Profiling:
	ReloadAssembly (1104ms)
		BeginReloadAssembly (147ms)
			ExecutionOrderSort (0ms)
			DisableScriptedObjects (6ms)
			BackupInstance (0ms)
			ReleaseScriptingObjects (0ms)
			CreateAndSetChildDomain (70ms)
		EndReloadAssembly (881ms)
			LoadAssemblies (87ms)
			RebuildTransferFunctionScriptingTraits (0ms)
			SetupTypeCache (365ms)
			ReleaseScriptCaches (1ms)
			RebuildScriptCaches (51ms)
			SetupLoadedEditorAssemblies (272ms)
				LogAssemblyErrors (0ms)
				InitializePlatformSupportModulesInManaged (7ms)
				SetLoadedEditorAssemblies (1ms)
				RefreshPlugins (1ms)
				BeforeProcessingInitializeOnLoad (46ms)
				ProcessInitializeOnLoadAttributes (211ms)
				ProcessInitializeOnLoadMethodAttributes (5ms)
				AfterProcessingInitializeOnLoad (1ms)
				EditorAssembliesLoaded (0ms)
			ExecutionOrderSort2 (0ms)
			AwakeInstancesAfterBackupRestoration (7ms)
Platform modules already initialized, skipping
Refreshing native plugins compatible for Editor in 0.55 ms, found 5 plugins.
Preloading 0 native plugins for Editor in 0.00 ms.
Unloading 1776 Unused Serialized files (Serialized files now loaded: 0)
System memory in use before: 189.8 MB.
System memory in use after: 189.9 MB.

Unloading 54 unused Assets to reduce memory usage. Loaded Objects now: 2209.
Total: 1.965579 ms (FindLiveObjects: 0.160919 ms CreateObjectMapping: 0.053469 ms MarkObjects: 1.689301 ms  DeleteObjects: 0.061137 ms)

AssetImportParameters requested are different than current active one (requested -> active):
  custom:video-decoder-ogg-theora: a1e56fd34408186e4bbccfd4996cb3dc -> 
  custom:container-muxer-webm: aa71ff27fc2769a1b78a27578f13a17b -> 
  custom:container-demuxer-webm: 4f35f7cbe854078d1ac9338744f61a02 -> 
  custom:container-demuxer-ogg: 62fdf1f143b41e24485cea50d1cbac27 -> 
  custom:video-encoder-webm-vp8: eb34c28f22e8b96e1ab97ce403110664 -> 
  custom:framework-osx-AVFoundation: e770b220cccbd017edd2c1fefb359320 -> 
  custom:video-decoder-webm-vp8: 9c59270c3fd7afecdb556c50c9e8de78 -> 
  custom:audio-decoder-ogg-vorbis: bf7c407c2cedff20999df2af8eb42d56 -> 
  custom:audio-encoder-webm-vorbis: bf7c407c2cedff20999df2af8eb42d56 -> 
========================================================================
Received Import Request.
  Time since last request: 453.118121 seconds.
  path: Assets/Photon/PhotonVoice/Demos/DemoVoicePun/Materials
  artifactKey: Guid(ca11049ccbb2c2c4da89f7b166651eb4) Importer(815301076,1909f56bfc062723c751e8b465ee728b)
Start importing Assets/Photon/PhotonVoice/Demos/DemoVoicePun/Materials using Guid(ca11049ccbb2c2c4da89f7b166651eb4) Importer(815301076,1909f56bfc062723c751e8b465ee728b)  -> (artifact id: '2e929ddb723829042ab1f39a6a1fdc48') in 0.004663 seconds 
  Import took 0.007971 seconds .

========================================================================
Received Import Request.
  Time since last request: 1.874262 seconds.
  path: Assets/Photon/PhotonVoice/Demos/DemoVoicePun/Audio
  artifactKey: Guid(7df8312a633676144ae3057afeb14a97) Importer(815301076,1909f56bfc062723c751e8b465ee728b)
Start importing Assets/Photon/PhotonVoice/Demos/DemoVoicePun/Audio using Guid(7df8312a633676144ae3057afeb14a97) Importer(815301076,1909f56bfc062723c751e8b465ee728b)  -> (artifact id: '6be2d3d28878c89889d3026ca51c18c0') in 0.001162 seconds 
  Import took 0.004613 seconds .

========================================================================
Received Import Request.
  Time since last request: 0.059645 seconds.
  path: Assets/Photon/PhotonVoice/Demos/DemoVoicePun/Audio/Pop-J_Fairba-8421_hifi.mp3
  artifactKey: Guid(f60c28e299c51fd47b838b76f2f9ec17) Importer(815301076,1909f56bfc062723c751e8b465ee728b)
Start importing Assets/Photon/PhotonVoice/Demos/DemoVoicePun/Audio/Pop-J_Fairba-8421_hifi.mp3 using Guid(f60c28e299c51fd47b838b76f2f9ec17) Importer(815301076,1909f56bfc062723c751e8b465ee728b)  -> (artifact id: '19e5a8cb18fdb4e7abf1a98f6f549176') in 1.132530 seconds 
  Import took 1.135862 seconds .

========================================================================
Received Import Request.
  Time since last request: 0.000221 seconds.
  path: Assets/Photon/PhotonVoice/Demos/DemoVoicePun/Audio/Reminder-public_d-291_hifi.mp3
  artifactKey: Guid(dd2973535af1c6a4a9c18e0973520b42) Importer(815301076,1909f56bfc062723c751e8b465ee728b)
Start importing Assets/Photon/PhotonVoice/Demos/DemoVoicePun/Audio/Reminder-public_d-291_hifi.mp3 using Guid(dd2973535af1c6a4a9c18e0973520b42) Importer(815301076,1909f56bfc062723c751e8b465ee728b)  -> (artifact id: '010c736d67c0eaa205c914af1826823d') in 0.014060 seconds 
  Import took 0.017180 seconds .

========================================================================
Received Import Request.
  Time since last request: 15.705829 seconds.
  path: Assets/Photon/PhotonVoice/Demos/DemoVoicePun/Audio/Pop-J_Fairba-8421_hifi.mp3.txt
  artifactKey: Guid(45ff772f8898baf4cb0c5640fd6147ce) Importer(815301076,1909f56bfc062723c751e8b465ee728b)
Start importing Assets/Photon/PhotonVoice/Demos/DemoVoicePun/Audio/Pop-J_Fairba-8421_hifi.mp3.txt using Guid(45ff772f8898baf4cb0c5640fd6147ce) Importer(815301076,1909f56bfc062723c751e8b465ee728b)  -> (artifact id: '0dd8f036a4d835099b1dcc22246ff354') in 3.047082 seconds 
  Import took 3.050286 seconds .

========================================================================
Received Import Request.
  Time since last request: 3.032630 seconds.
  path: Assets/Photon/PhotonVoice/Demos/DemoVoicePun/Materials/EyesMaterial.mat
  artifactKey: Guid(51d14e0fd3936be48bf8d5031d3e24c7) Importer(815301076,1909f56bfc062723c751e8b465ee728b)
Start importing Assets/Photon/PhotonVoice/Demos/DemoVoicePun/Materials/EyesMaterial.mat using Guid(51d14e0fd3936be48bf8d5031d3e24c7) Importer(815301076,1909f56bfc062723c751e8b465ee728b)  -> (artifact id: '0ca6ba2633e5b9e233115189d07b9afd') in 0.202502 seconds 
  Import took 0.205827 seconds .

========================================================================
Received Import Request.
  Time since last request: 0.000204 seconds.
  path: Assets/Photon/PhotonVoice/Demos/DemoVoicePun/Materials/HellephantMaterial.mat
  artifactKey: Guid(20c2c861010d0ce49a4716087f02535e) Importer(815301076,1909f56bfc062723c751e8b465ee728b)
Start importing Assets/Photon/PhotonVoice/Demos/DemoVoicePun/Materials/HellephantMaterial.mat using Guid(20c2c861010d0ce49a4716087f02535e) Importer(815301076,1909f56bfc062723c751e8b465ee728b)  -> (artifact id: 'db44dd2cb3db9662c79f9638784c31d3') in 0.079034 seconds 
  Import took 0.081658 seconds .

========================================================================
Received Import Request.
  Time since last request: 0.000215 seconds.
  path: Assets/Photon/PhotonVoice/Demos/DemoVoicePun/Materials/Ground.mat
  artifactKey: Guid(7ec261d64781e0a43859a5fc0c20ea3e) Importer(815301076,1909f56bfc062723c751e8b465ee728b)
Start importing Assets/Photon/PhotonVoice/Demos/DemoVoicePun/Materials/Ground.mat using Guid(7ec261d64781e0a43859a5fc0c20ea3e) Importer(815301076,1909f56bfc062723c751e8b465ee728b)  -> (artifact id: 'cb160b14087522d954c56e6815bd17c6') in 0.011479 seconds 
  Import took 0.014122 seconds .

========================================================================
Received Import Request.
  Time since last request: 0.000205 seconds.
  path: Assets/Photon/PhotonVoice/Demos/DemoVoicePun/Materials/Gradient.png
  artifactKey: Guid(c617f033b045e154fa2ccd982228f36b) Importer(815301076,1909f56bfc062723c751e8b465ee728b)
Start importing Assets/Photon/PhotonVoice/Demos/DemoVoicePun/Materials/Gradient.png using Guid(c617f033b045e154fa2ccd982228f36b) Importer(815301076,1909f56bfc062723c751e8b465ee728b)  -> (artifact id: 'fcb3f29e6713425a752fecb151a86f71') in 1.130647 seconds 
  Import took 1.133514 seconds .

========================================================================
Received Import Request.
  Time since last request: 0.000214 seconds.
  path: Assets/Photon/PhotonVoice/Demos/DemoVoicePun/Materials/ZombunnyMaterial.mat
  artifactKey: Guid(90309a9ae07af7a4baf27031c594f369) Importer(815301076,1909f56bfc062723c751e8b465ee728b)
Start importing Assets/Photon/PhotonVoice/Demos/DemoVoicePun/Materials/ZombunnyMaterial.mat using Guid(90309a9ae07af7a4baf27031c594f369) Importer(815301076,1909f56bfc062723c751e8b465ee728b)  -> (artifact id: 'a9dadb3bbe634dd3c8b72663658bdfa9') in 0.025386 seconds 
  Import took 0.033079 seconds .

========================================================================
Received Import Request.
  Time since last request: 0.000248 seconds.
  path: Assets/Photon/PhotonVoice/Demos/DemoVoicePun/Fonts/Orbitron Black.ttf
  artifactKey: Guid(253eb4f81b3a5264099f294bfc0fbb8c) Importer(815301076,1909f56bfc062723c751e8b465ee728b)
Start importing Assets/Photon/PhotonVoice/Demos/DemoVoicePun/Fonts/Orbitron Black.ttf using Guid(253eb4f81b3a5264099f294bfc0fbb8c) Importer(815301076,1909f56bfc062723c751e8b465ee728b)  -> (artifact id: 'bd38d4631aadebc0ba8db290ed40b9b4') in 1.968674 seconds 
  Import took 1.971869 seconds .

========================================================================
Received Import Request.
  Time since last request: 0.000211 seconds.
  path: Assets/Photon/PhotonVoice/Demos/DemoVoicePun/Materials/ZombearMaterial.mat
  artifactKey: Guid(0e554613ca2e81743a244dd20c8d44a0) Importer(815301076,1909f56bfc062723c751e8b465ee728b)
Start importing Assets/Photon/PhotonVoice/Demos/DemoVoicePun/Materials/ZombearMaterial.mat using Guid(0e554613ca2e81743a244dd20c8d44a0) Importer(815301076,1909f56bfc062723c751e8b465ee728b)  -> (artifact id: '50e0ced0e2d7856a7f9080bbfd28ae1f') in 0.027691 seconds 
  Import took 0.030756 seconds .

========================================================================
Received Import Request.
  Time since last request: 0.000209 seconds.
  path: Assets/Photon/PhotonVoice/Demos/DemoVoicePun/Materials/PlayerMaterial.mat
  artifactKey: Guid(3ea44298aa419344dbdcf87dd1a50533) Importer(815301076,1909f56bfc062723c751e8b465ee728b)
Start importing Assets/Photon/PhotonVoice/Demos/DemoVoicePun/Materials/PlayerMaterial.mat using Guid(3ea44298aa419344dbdcf87dd1a50533) Importer(815301076,1909f56bfc062723c751e8b465ee728b)  -> (artifact id: '7392bd5d1ab2bdc4516472aefd6dd799') in 0.029922 seconds 
  Import took 0.032946 seconds .

========================================================================
Received Import Request.
  Time since last request: 0.000298 seconds.
  path: Assets/Photon/PhotonVoice/Demos/DemoVoicePun/Materials/SkyBox-Voice.mat
  artifactKey: Guid(378e6f5b30ae67c4da6848fcb2f8b455) Importer(815301076,1909f56bfc062723c751e8b465ee728b)
Start importing Assets/Photon/PhotonVoice/Demos/DemoVoicePun/Materials/SkyBox-Voice.mat using Guid(378e6f5b30ae67c4da6848fcb2f8b455) Importer(815301076,1909f56bfc062723c751e8b465ee728b)  -> (artifact id: 'dfd6bc62836ed5d430ed83ecff9cdcdd') in 0.103048 seconds 
  Import took 0.107315 seconds .

========================================================================
Received Import Request.
  Time since last request: 51.575260 seconds.
  path: Assets/Photon/PhotonVoice/Demos/DemoVoicePun/Scripts/CharacterInstantiation.cs
  artifactKey: Guid(6eba5753a72c3244c851d7450564c8bd) Importer(815301076,1909f56bfc062723c751e8b465ee728b)
Start importing Assets/Photon/PhotonVoice/Demos/DemoVoicePun/Scripts/CharacterInstantiation.cs using Guid(6eba5753a72c3244c851d7450564c8bd) Importer(815301076,1909f56bfc062723c751e8b465ee728b)  -> (artifact id: '0b1fd4f90dba09ce4c0c8ecbef4e0bce') in 0.003911 seconds 
  Import took 0.007714 seconds .

========================================================================
Received Import Request.
  Time since last request: 0.302383 seconds.
  path: Assets/Photon/PhotonVoice/Demos/DemoVoicePun/Scripts/FirstPersonController.cs
  artifactKey: Guid(8cf6d7f07293ceb45bb4121e509661d7) Importer(815301076,1909f56bfc062723c751e8b465ee728b)
Start importing Assets/Photon/PhotonVoice/Demos/DemoVoicePun/Scripts/FirstPersonController.cs using Guid(8cf6d7f07293ceb45bb4121e509661d7) Importer(815301076,1909f56bfc062723c751e8b465ee728b)  -> (artifact id: '21a28b1ccffb49c536776af880e7c4c7') in 0.003803 seconds 
  Import took 0.007370 seconds .

========================================================================
Received Import Request.
  Time since last request: 4.075910 seconds.
  path: Assets/Photon/PhotonVoice/Demos/DemoVoicePun/Scripts/Highlighter.cs
  artifactKey: Guid(e4713853bfdc862459ae0bb66b2b3750) Importer(815301076,1909f56bfc062723c751e8b465ee728b)
Start importing Assets/Photon/PhotonVoice/Demos/DemoVoicePun/Scripts/Highlighter.cs using Guid(e4713853bfdc862459ae0bb66b2b3750) Importer(815301076,1909f56bfc062723c751e8b465ee728b)  -> (artifact id: 'f805b76ba3e8f034c67f06caaac2e55c') in 0.003952 seconds 
  Import took 0.007262 seconds .

========================================================================
Received Import Request.
  Time since last request: 6.926192 seconds.
  path: Assets/Photon/PhotonVoice/Demos/DemoVoicePun/Scripts/MouseLookHelper.cs
  artifactKey: Guid(7cec8b58f1f52c74ba0226ade0cdcc53) Importer(815301076,1909f56bfc062723c751e8b465ee728b)
Start importing Assets/Photon/PhotonVoice/Demos/DemoVoicePun/Scripts/MouseLookHelper.cs using Guid(7cec8b58f1f52c74ba0226ade0cdcc53) Importer(815301076,1909f56bfc062723c751e8b465ee728b)  -> (artifact id: '81276c8cc98c9f714bca52106c374d4e') in 0.003062 seconds 
  Import took 0.005814 seconds .

========================================================================
Received Import Request.
  Time since last request: 4.445148 seconds.
  path: Assets/Photon/PhotonVoice/Demos/DemoVoicePun/Scripts/OrthographicController.cs
  artifactKey: Guid(0df83d9cfe88c7641b20a46c5228418c) Importer(815301076,1909f56bfc062723c751e8b465ee728b)
Start importing Assets/Photon/PhotonVoice/Demos/DemoVoicePun/Scripts/OrthographicController.cs using Guid(0df83d9cfe88c7641b20a46c5228418c) Importer(815301076,1909f56bfc062723c751e8b465ee728b)  -> (artifact id: '6f315f1095d4a097cd9fce0331dc518f') in 0.003937 seconds 
  Import took 0.007453 seconds .

========================================================================
Received Import Request.
  Time since last request: 3.581633 seconds.
  path: Assets/Photon/PhotonVoice/Demos/DemoVoicePun/Scripts/SoundsForJoinAndLeave.cs
  artifactKey: Guid(6a12b1ae2d50d2749bd1c8203cbb423c) Importer(815301076,1909f56bfc062723c751e8b465ee728b)
Start importing Assets/Photon/PhotonVoice/Demos/DemoVoicePun/Scripts/SoundsForJoinAndLeave.cs using Guid(6a12b1ae2d50d2749bd1c8203cbb423c) Importer(815301076,1909f56bfc062723c751e8b465ee728b)  -> (artifact id: '3146d9ad949bfcd82b4423b9ebcd7388') in 0.003915 seconds 
  Import took 0.007233 seconds .

========================================================================
Received Import Request.
  Time since last request: 4.875775 seconds.
  path: Assets/Photon/PhotonVoice/Demos/DemoVoicePun/Scripts/ThirdPersonController.cs
  artifactKey: Guid(ae58c0b74b23bf64e856c46783d1f181) Importer(815301076,1909f56bfc062723c751e8b465ee728b)
Start importing Assets/Photon/PhotonVoice/Demos/DemoVoicePun/Scripts/ThirdPersonController.cs using Guid(ae58c0b74b23bf64e856c46783d1f181) Importer(815301076,1909f56bfc062723c751e8b465ee728b)  -> (artifact id: '6b0fa90e317922799d0f072996fcc921') in 0.004085 seconds 
  Import took 0.007226 seconds .

========================================================================
Received Import Request.
  Time since last request: 4.361776 seconds.
  path: Assets/Photon/PhotonVoice/Demos/DemoVoicePun/Scripts/VoiceDemoUI.cs
  artifactKey: Guid(ab16f3006dd219540927ecb90f88515e) Importer(815301076,1909f56bfc062723c751e8b465ee728b)
Start importing Assets/Photon/PhotonVoice/Demos/DemoVoicePun/Scripts/VoiceDemoUI.cs using Guid(ab16f3006dd219540927ecb90f88515e) Importer(815301076,1909f56bfc062723c751e8b465ee728b)  -> (artifact id: 'fd5398f2ebb5e825e2a8cd4bf71443c9') in 0.003769 seconds 
  Import took 0.007505 seconds .

========================================================================
Received Import Request.
  Time since last request: 0.003324 seconds.
  path: Assets/Photon/PhotonVoice/Demos/DemoVoicePun/Scripts/VoiceDemoUI.cs
  artifactKey: Guid(ab16f3006dd219540927ecb90f88515e) Importer(815301076,1909f56bfc062723c751e8b465ee728b)
Start importing Assets/Photon/PhotonVoice/Demos/DemoVoicePun/Scripts/VoiceDemoUI.cs using Guid(ab16f3006dd219540927ecb90f88515e) Importer(815301076,1909f56bfc062723c751e8b465ee728b)  -> (artifact id: 'fd5398f2ebb5e825e2a8cd4bf71443c9') in 0.003925 seconds 
  Import took 0.006954 seconds .

========================================================================
Received Import Request.
  Time since last request: 10.944539 seconds.
  path: Assets/Photon/PhotonVoice/Demos/DemoVoicePun/Stylized city/Environment.prefab
  artifactKey: Guid(c3a730cb090b60746a894f9331166d55) Importer(815301076,1909f56bfc062723c751e8b465ee728b)
Start importing Assets/Photon/PhotonVoice/Demos/DemoVoicePun/Stylized city/Environment.prefab using Guid(c3a730cb090b60746a894f9331166d55) Importer(815301076,1909f56bfc062723c751e8b465ee728b)  -> (artifact id: 'db9e3669632ae13f5f14cff3f603382b') in 0.247540 seconds 
  Import took 0.250880 seconds .

========================================================================
Received Import Request.
  Time since last request: 8.849060 seconds.
  path: Assets/Photon/PhotonVoice/Demos/DemoVoicePun/Animation/HellephantAnimatorOverrideController.overrideController
  artifactKey: Guid(19b1058b58d5e314bb115a937b9bcf48) Importer(815301076,1909f56bfc062723c751e8b465ee728b)
Start importing Assets/Photon/PhotonVoice/Demos/DemoVoicePun/Animation/HellephantAnimatorOverrideController.overrideController using Guid(19b1058b58d5e314bb115a937b9bcf48) Importer(815301076,1909f56bfc062723c751e8b465ee728b)  -> (artifact id: '91bb56a5a11969594b5c4cf0d00e85a8') in 0.182255 seconds 
  Import took 0.185710 seconds .

========================================================================
Received Import Request.
  Time since last request: 0.000227 seconds.
  path: Assets/Photon/PhotonVoice/Demos/DemoVoicePun/Animation/ZomBunnyAOC.overrideController
  artifactKey: Guid(1b59b88f1aa4d4648a1045edc50c099a) Importer(815301076,1909f56bfc062723c751e8b465ee728b)
Start importing Assets/Photon/PhotonVoice/Demos/DemoVoicePun/Animation/ZomBunnyAOC.overrideController using Guid(1b59b88f1aa4d4648a1045edc50c099a) Importer(815301076,1909f56bfc062723c751e8b465ee728b)  -> (artifact id: '124030271553cd71caa62013ccd41eab') in 0.008341 seconds 
  Import took 0.011209 seconds .

========================================================================
Received Import Request.
  Time since last request: 6.273047 seconds.
  path: Assets/Photon/PhotonVoice/Demos/DemoVoicePun/Editor/CrossPlatformInput/CrossPlatformInputInitialize.cs
  artifactKey: Guid(db7667203062c644ea1877077e30ebd6) Importer(815301076,1909f56bfc062723c751e8b465ee728b)
Start importing Assets/Photon/PhotonVoice/Demos/DemoVoicePun/Editor/CrossPlatformInput/CrossPlatformInputInitialize.cs using Guid(db7667203062c644ea1877077e30ebd6) Importer(815301076,1909f56bfc062723c751e8b465ee728b)  -> (artifact id: 'f5125f9edac007875f917b6c5905cba6') in 0.002607 seconds 
  Import took 0.005926 seconds .

========================================================================
Received Import Request.
  Time since last request: 0.000833 seconds.
  path: Assets/Photon/PhotonVoice/Demos/DemoVoicePun/Editor/CrossPlatformInput/CrossPlatformInputInitialize.cs
  artifactKey: Guid(db7667203062c644ea1877077e30ebd6) Importer(815301076,1909f56bfc062723c751e8b465ee728b)
Start importing Assets/Photon/PhotonVoice/Demos/DemoVoicePun/Editor/CrossPlatformInput/CrossPlatformInputInitialize.cs using Guid(db7667203062c644ea1877077e30ebd6) Importer(815301076,1909f56bfc062723c751e8b465ee728b)  -> (artifact id: 'f5125f9edac007875f917b6c5905cba6') in 0.001879 seconds 
  Import took 0.004978 seconds .

========================================================================
Received Import Request.
  Time since last request: 22.319612 seconds.
  path: Assets/Photon/PhotonVoice/Demos/DemoVoicePun/Models/Characters/Materials/GunMaterial.mat
  artifactKey: Guid(bca3401811bea4143afe0a03137cda35) Importer(815301076,1909f56bfc062723c751e8b465ee728b)
Start importing Assets/Photon/PhotonVoice/Demos/DemoVoicePun/Models/Characters/Materials/GunMaterial.mat using Guid(bca3401811bea4143afe0a03137cda35) Importer(815301076,1909f56bfc062723c751e8b465ee728b)  -> (artifact id: '5a6a6a77e9e3a310697dd4a49cf7d0b7') in 0.011353 seconds 
  Import took 0.014813 seconds .

